event(a(1,2),[datime(2011,7,27,21,54,22,1),datime(2011,7,27,21,54,22,1)])
event(a(2,3),[datime(2011,7,27,21,54,22,2),datime(2011,7,27,21,54,22,2)])
event(temp_e_1(a(1,2),a(2,3)),[datime(2011,7,27,21,54,22,1),datime(2011,7,27,21,54,22,2)])
event(ce2(1,3),[datime(2011,7,27,21,54,22,1),datime(2011,7,27,21,54,22,2)])
event(a(1,2),[datime(2011,10,30,7,36,24,1),datime(2011,10,30,7,36,24,1)]).
event(a(2,3),[datime(2011,10,30,7,36,24,2),datime(2011,10,30,7,36,24,2)]).
event(ce2(1,3),[datime(2011,10,30,7,36,24,1),datime(2011,10,30,7,36,24,2)]).
event(a(1),[datime(2011,11,23,22,28,43,1),datime(2011,11,23,22,28,43,1)]).
event(b(2),[datime(2011,11,23,22,28,43,2),datime(2011,11,23,22,28,43,2)]).
event(temp1(2),[datime(2011,11,23,22,28,43,1),datime(2011,11,23,22,28,43,2)]).
event(c(3),[datime(2011,11,23,22,28,43,3),datime(2011,11,23,22,28,43,3)]).
event(d(3),[datime(2011,11,23,22,28,43,1),datime(2011,11,23,22,28,43,3)]).
event(a(1),[datime(2013,2,28,10,37,51,1),datime(2013,2,28,10,37,51,1)]).
event(b(2),[datime(2013,2,28,10,37,51,2),datime(2013,2,28,10,37,51,2)]).
event(temp1(2),[datime(2013,2,28,10,37,51,1),datime(2013,2,28,10,37,51,2)]).
event(c(3),[datime(2013,2,28,10,37,51,3),datime(2013,2,28,10,37,51,3)]).
event(d(3),[datime(2013,2,28,10,37,51,1),datime(2013,2,28,10,37,51,3)]).
event(a(1),[datime(2013,2,28,10,37,56,1),datime(2013,2,28,10,37,56,1)]).
event(b(2),[datime(2013,2,28,10,37,56,2),datime(2013,2,28,10,37,56,2)]).
event(temp1(2),[datime(2013,2,28,10,37,56,1),datime(2013,2,28,10,37,56,2)]).
event(c(3),[datime(2013,2,28,10,37,56,3),datime(2013,2,28,10,37,56,3)]).
event(d(3),[datime(2013,2,28,10,37,56,1),datime(2013,2,28,10,37,56,3)]).
event(a(1),[datime(2013,2,28,10,47,48,1),datime(2013,2,28,10,47,48,1)]).
event(b(2),[datime(2013,2,28,10,47,48,2),datime(2013,2,28,10,47,48,2)]).
event(temp_e_1(b(2),1<2),[datime(2013,2,28,10,47,48,2),datime(2013,2,28,10,47,48,2)]).
event(e1(2),[datime(2013,2,28,10,47,48,2),datime(2013,2,28,10,47,48,2)]).
event(c(0),[datime(2013,2,28,10,47,48,3),datime(2013,2,28,10,47,48,3)]).
event(temp_e_3(c(0),0<5),[datime(2013,2,28,10,47,48,3),datime(2013,2,28,10,47,48,3)]).
event(e4(0),[datime(2013,2,28,10,47,48,3),datime(2013,2,28,10,47,48,3)]).
event(a(1),[datime(2013,2,28,10,48,28,1),datime(2013,2,28,10,48,28,1)]).
event(b(2),[datime(2013,2,28,10,48,28,2),datime(2013,2,28,10,48,28,2)]).
event(temp_e_1(b(2),1<2),[datime(2013,2,28,10,48,28,2),datime(2013,2,28,10,48,28,2)]).
event(e1(2),[datime(2013,2,28,10,48,28,2),datime(2013,2,28,10,48,28,2)]).
event(e2(1,2),[datime(2013,2,28,10,48,28,1),datime(2013,2,28,10,48,28,2)]).
event(temp_e_2(e2(1,2),1<2),[datime(2013,2,28,10,48,28,1),datime(2013,2,28,10,48,28,2)]).
event(e3(1,2),[datime(2013,2,28,10,48,28,1),datime(2013,2,28,10,48,28,2)]).
event(c(0),[datime(2013,2,28,10,48,28,3),datime(2013,2,28,10,48,28,3)]).
event(temp_e_3(c(0),0<5),[datime(2013,2,28,10,48,28,3),datime(2013,2,28,10,48,28,3)]).
event(e4(0),[datime(2013,2,28,10,48,28,3),datime(2013,2,28,10,48,28,3)]).
event(e5(1,2,0),[datime(2013,2,28,10,48,28,1),datime(2013,2,28,10,48,28,3)]).
event(temp_e_4(e5(1,2,0),1>0),[datime(2013,2,28,10,48,28,1),datime(2013,2,28,10,48,28,3)]).
event(d(1,0),[datime(2013,2,28,10,48,28,1),datime(2013,2,28,10,48,28,3)]).
event(a(1),[datime(2013,2,28,10,52,44,1),datime(2013,2,28,10,52,44,1)]).
event(b(2),[datime(2013,2,28,10,52,44,2),datime(2013,2,28,10,52,44,2)]).
event(temp_e_1(b(2),1<2),[datime(2013,2,28,10,52,44,2),datime(2013,2,28,10,52,44,2)]).
event(e1(2),[datime(2013,2,28,10,52,44,2),datime(2013,2,28,10,52,44,2)]).
event(e2(1,2),[datime(2013,2,28,10,52,44,1),datime(2013,2,28,10,52,44,2)]).
event(temp_e_2(e2(1,2),1<2),[datime(2013,2,28,10,52,44,1),datime(2013,2,28,10,52,44,2)]).
event(e3(1,2),[datime(2013,2,28,10,52,44,1),datime(2013,2,28,10,52,44,2)]).
event(c(0),[datime(2013,2,28,10,52,44,3),datime(2013,2,28,10,52,44,3)]).
event(temp_e_3(c(0),0<5),[datime(2013,2,28,10,52,44,3),datime(2013,2,28,10,52,44,3)]).
event(e4(0),[datime(2013,2,28,10,52,44,3),datime(2013,2,28,10,52,44,3)]).
event(e5(1,2,0),[datime(2013,2,28,10,52,44,1),datime(2013,2,28,10,52,44,3)]).
event(temp_e_4(e5(1,2,0),1>0),[datime(2013,2,28,10,52,44,1),datime(2013,2,28,10,52,44,3)]).
event(d(1,0),[datime(2013,2,28,10,52,44,1),datime(2013,2,28,10,52,44,3)]).
event(a(1),[datime(2013,2,28,10,53,16,1),datime(2013,2,28,10,53,16,1)]).
event(b(2),[datime(2013,2,28,10,53,16,2),datime(2013,2,28,10,53,16,2)]).
event(temp_e_1(b(2),1<2),[datime(2013,2,28,10,53,16,2),datime(2013,2,28,10,53,16,2)]).
event(e1(2),[datime(2013,2,28,10,53,16,2),datime(2013,2,28,10,53,16,2)]).
event(e2(1,2),[datime(2013,2,28,10,53,16,1),datime(2013,2,28,10,53,16,2)]).
event(temp_e_2(e2(1,2),1<2),[datime(2013,2,28,10,53,16,1),datime(2013,2,28,10,53,16,2)]).
event(e3(1,2),[datime(2013,2,28,10,53,16,1),datime(2013,2,28,10,53,16,2)]).
event(c(0),[datime(2013,2,28,10,53,16,3),datime(2013,2,28,10,53,16,3)]).
event(temp_e_3(c(0),0<5),[datime(2013,2,28,10,53,16,3),datime(2013,2,28,10,53,16,3)]).
event(e4(0),[datime(2013,2,28,10,53,16,3),datime(2013,2,28,10,53,16,3)]).
event(e5(1,2,0),[datime(2013,2,28,10,53,16,1),datime(2013,2,28,10,53,16,3)]).
event(temp_e_4(e5(1,2,0),1>0),[datime(2013,2,28,10,53,16,1),datime(2013,2,28,10,53,16,3)]).
event(d(1,0),[datime(2013,2,28,10,53,16,1),datime(2013,2,28,10,53,16,3)]).
event(a(1),[datime(2013,2,28,10,53,31,1),datime(2013,2,28,10,53,31,1)]).
event(b(2),[datime(2013,2,28,10,53,31,2),datime(2013,2,28,10,53,31,2)]).
event(e1(2),[datime(2013,2,28,10,53,31,2),datime(2013,2,28,10,53,31,2)]).
event(e2(1,2),[datime(2013,2,28,10,53,31,1),datime(2013,2,28,10,53,31,2)]).
event(e3(1,2),[datime(2013,2,28,10,53,31,1),datime(2013,2,28,10,53,31,2)]).
event(c(0),[datime(2013,2,28,10,53,31,3),datime(2013,2,28,10,53,31,3)]).
event(e4(0),[datime(2013,2,28,10,53,31,3),datime(2013,2,28,10,53,31,3)]).
event(e5(1,2,0),[datime(2013,2,28,10,53,31,1),datime(2013,2,28,10,53,31,3)]).
event(d(1,0),[datime(2013,2,28,10,53,31,1),datime(2013,2,28,10,53,31,3)]).
