event(a(1),[datime(2011,7,27,21,54,14,1),datime(2011,7,27,21,54,14,1)])
event(b(1),[datime(2011,7,27,21,54,16,1),datime(2011,7,27,21,54,16,1)])
event(temp_e_2(a(1),b(1)),[datime(2011,7,27,21,54,14,1),datime(2011,7,27,21,54,16,1)])
event(d(1),[datime(2011,7,27,21,54,14,1),datime(2011,7,27,21,54,16,1)])
event(a(1),[datime(2011,8,15,21,10,7,1),datime(2011,8,15,21,10,7,1)])
event(a(2),[datime(2011,8,15,21,10,7,2),datime(2011,8,15,21,10,7,2)])
event(a(3),[datime(2011,8,15,21,10,7,3),datime(2011,8,15,21,10,7,3)])
event(a(4),[datime(2011,8,15,21,10,7,4),datime(2011,8,15,21,10,7,4)])
event(b(1),[datime(2011,8,15,21,10,7,5),datime(2011,8,15,21,10,7,5)])
event(temp_e_1(a(1),b(1)),[datime(2011,8,15,21,10,7,1),datime(2011,8,15,21,10,7,5)])
event(d(1),[datime(2011,8,15,21,10,7,1),datime(2011,8,15,21,10,7,5)])
event(b(2),[datime(2011,8,15,21,10,7,6),datime(2011,8,15,21,10,7,6)])
event(temp_e_1(a(2),b(2)),[datime(2011,8,15,21,10,7,2),datime(2011,8,15,21,10,7,6)])
event(d(2),[datime(2011,8,15,21,10,7,2),datime(2011,8,15,21,10,7,6)])
event(b(3),[datime(2011,8,15,21,10,9,1),datime(2011,8,15,21,10,9,1)])
event(temp_e_1(a(3),b(3)),[datime(2011,8,15,21,10,7,3),datime(2011,8,15,21,10,9,1)])
event(d(3),[datime(2011,8,15,21,10,7,3),datime(2011,8,15,21,10,9,1)])
event(b(4),[datime(2011,8,15,21,10,9,2),datime(2011,8,15,21,10,9,2)])
event(temp_e_1(a(4),b(4)),[datime(2011,8,15,21,10,7,4),datime(2011,8,15,21,10,9,2)])
event(d(4),[datime(2011,8,15,21,10,7,4),datime(2011,8,15,21,10,9,2)])
event(a(1),[datime(2011,8,15,21,10,40,1),datime(2011,8,15,21,10,40,1)])
event(a(2),[datime(2011,8,15,21,10,40,2),datime(2011,8,15,21,10,40,2)])
event(a(3),[datime(2011,8,15,21,10,40,3),datime(2011,8,15,21,10,40,3)])
event(a(4),[datime(2011,8,15,21,10,40,4),datime(2011,8,15,21,10,40,4)])
event(b(1),[datime(2011,8,15,21,10,40,5),datime(2011,8,15,21,10,40,5)])
event(temp_e_1(a(1),b(1)),[datime(2011,8,15,21,10,40,1),datime(2011,8,15,21,10,40,5)])
event(d(1),[datime(2011,8,15,21,10,40,1),datime(2011,8,15,21,10,40,5)])
event(b(2),[datime(2011,8,15,21,10,40,6),datime(2011,8,15,21,10,40,6)])
event(temp_e_1(a(2),b(2)),[datime(2011,8,15,21,10,40,2),datime(2011,8,15,21,10,40,6)])
event(d(2),[datime(2011,8,15,21,10,40,2),datime(2011,8,15,21,10,40,6)])
event(b(3),[datime(2011,8,15,21,10,42,1),datime(2011,8,15,21,10,42,1)])
event(b(4),[datime(2011,8,15,21,10,42,2),datime(2011,8,15,21,10,42,2)])
event(a(1),[datime(2011,8,16,12,45,58,1),datime(2011,8,16,12,45,58,1)])
event(a(2),[datime(2011,8,16,12,45,58,2),datime(2011,8,16,12,45,58,2)])
event(a(3),[datime(2011,8,16,12,45,58,3),datime(2011,8,16,12,45,58,3)])
event(a(4),[datime(2011,8,16,12,45,58,4),datime(2011,8,16,12,45,58,4)])
event(b(1),[datime(2011,8,16,12,45,58,5),datime(2011,8,16,12,45,58,5)])
event(temp_e_1(a(1),b(1)),[datime(2011,8,16,12,45,58,1),datime(2011,8,16,12,45,58,5)])
event(d(1),[datime(2011,8,16,12,45,58,1),datime(2011,8,16,12,45,58,5)])
event(b(2),[datime(2011,8,16,12,45,58,6),datime(2011,8,16,12,45,58,6)])
event(temp_e_1(a(2),b(2)),[datime(2011,8,16,12,45,58,2),datime(2011,8,16,12,45,58,6)])
event(d(2),[datime(2011,8,16,12,45,58,2),datime(2011,8,16,12,45,58,6)])
event(b(3),[datime(2011,8,16,12,46,0,1),datime(2011,8,16,12,46,0,1)])
event(b(4),[datime(2011,8,16,12,46,0,2),datime(2011,8,16,12,46,0,2)])
event(a(1),[datime(2011,8,16,12,46,46,1),datime(2011,8,16,12,46,46,1)])
event(a(2),[datime(2011,8,16,12,46,46,2),datime(2011,8,16,12,46,46,2)])
event(a(3),[datime(2011,8,16,12,46,46,3),datime(2011,8,16,12,46,46,3)])
event(a(4),[datime(2011,8,16,12,46,46,4),datime(2011,8,16,12,46,46,4)])
event(b(1),[datime(2011,8,16,12,46,46,5),datime(2011,8,16,12,46,46,5)])
event(temp_e_1(a(1),b(1)),[datime(2011,8,16,12,46,46,1),datime(2011,8,16,12,46,46,5)])
event(d(1),[datime(2011,8,16,12,46,46,1),datime(2011,8,16,12,46,46,5)])
event(b(2),[datime(2011,8,16,12,46,46,6),datime(2011,8,16,12,46,46,6)])
event(temp_e_1(a(2),b(2)),[datime(2011,8,16,12,46,46,2),datime(2011,8,16,12,46,46,6)])
event(d(2),[datime(2011,8,16,12,46,46,2),datime(2011,8,16,12,46,46,6)])
event(b(3),[datime(2011,8,16,12,46,48,1),datime(2011,8,16,12,46,48,1)])
event(b(4),[datime(2011,8,16,12,46,48,2),datime(2011,8,16,12,46,48,2)])
event(a,[datime(2011,8,16,13,0,16,1),datime(2011,8,16,13,0,16,1)])
event(a,[datime(2011,8,16,13,0,16,2),datime(2011,8,16,13,0,16,2)])
event(b,[datime(2011,8,16,13,0,16,3),datime(2011,8,16,13,0,16,3)])
event(b,[datime(2011,8,16,13,0,16,4),datime(2011,8,16,13,0,16,4)])
event(a,[datime(2011,8,16,13,0,25,1),datime(2011,8,16,13,0,25,1)])
event(a,[datime(2011,8,16,13,0,25,2),datime(2011,8,16,13,0,25,2)])
event(b,[datime(2011,8,16,13,0,25,3),datime(2011,8,16,13,0,25,3)])
event(b,[datime(2011,8,16,13,0,25,4),datime(2011,8,16,13,0,25,4)])
event(a,[datime(2011,8,16,13,0,33,1),datime(2011,8,16,13,0,33,1)])
event(a,[datime(2011,8,16,13,0,33,2),datime(2011,8,16,13,0,33,2)])
event(b,[datime(2011,8,16,13,0,33,3),datime(2011,8,16,13,0,33,3)])
event(b,[datime(2011,8,16,13,0,33,4),datime(2011,8,16,13,0,33,4)])
