event(a(1),[datime(2011,7,27,21,54,14,1),datime(2011,7,27,21,54,14,1)])
event(b(1),[datime(2011,7,27,21,54,16,1),datime(2011,7,27,21,54,16,1)])
event(temp_e_2(a(1),b(1)),[datime(2011,7,27,21,54,14,1),datime(2011,7,27,21,54,16,1)])
event(d(1),[datime(2011,7,27,21,54,14,1),datime(2011,7,27,21,54,16,1)])
event(a(1),[datime(2011,8,15,21,10,7,1),datime(2011,8,15,21,10,7,1)])
event(a(2),[datime(2011,8,15,21,10,7,2),datime(2011,8,15,21,10,7,2)])
event(a(3),[datime(2011,8,15,21,10,7,3),datime(2011,8,15,21,10,7,3)])
event(a(4),[datime(2011,8,15,21,10,7,4),datime(2011,8,15,21,10,7,4)])
event(b(1),[datime(2011,8,15,21,10,7,5),datime(2011,8,15,21,10,7,5)])
event(temp_e_1(a(1),b(1)),[datime(2011,8,15,21,10,7,1),datime(2011,8,15,21,10,7,5)])
event(d(1),[datime(2011,8,15,21,10,7,1),datime(2011,8,15,21,10,7,5)])
event(b(2),[datime(2011,8,15,21,10,7,6),datime(2011,8,15,21,10,7,6)])
event(temp_e_1(a(2),b(2)),[datime(2011,8,15,21,10,7,2),datime(2011,8,15,21,10,7,6)])
event(d(2),[datime(2011,8,15,21,10,7,2),datime(2011,8,15,21,10,7,6)])
event(b(3),[datime(2011,8,15,21,10,9,1),datime(2011,8,15,21,10,9,1)])
event(temp_e_1(a(3),b(3)),[datime(2011,8,15,21,10,7,3),datime(2011,8,15,21,10,9,1)])
event(d(3),[datime(2011,8,15,21,10,7,3),datime(2011,8,15,21,10,9,1)])
event(b(4),[datime(2011,8,15,21,10,9,2),datime(2011,8,15,21,10,9,2)])
event(temp_e_1(a(4),b(4)),[datime(2011,8,15,21,10,7,4),datime(2011,8,15,21,10,9,2)])
event(d(4),[datime(2011,8,15,21,10,7,4),datime(2011,8,15,21,10,9,2)])
event(a(1),[datime(2011,8,15,21,10,40,1),datime(2011,8,15,21,10,40,1)])
event(a(2),[datime(2011,8,15,21,10,40,2),datime(2011,8,15,21,10,40,2)])
event(a(3),[datime(2011,8,15,21,10,40,3),datime(2011,8,15,21,10,40,3)])
event(a(4),[datime(2011,8,15,21,10,40,4),datime(2011,8,15,21,10,40,4)])
event(b(1),[datime(2011,8,15,21,10,40,5),datime(2011,8,15,21,10,40,5)])
event(temp_e_1(a(1),b(1)),[datime(2011,8,15,21,10,40,1),datime(2011,8,15,21,10,40,5)])
event(d(1),[datime(2011,8,15,21,10,40,1),datime(2011,8,15,21,10,40,5)])
event(b(2),[datime(2011,8,15,21,10,40,6),datime(2011,8,15,21,10,40,6)])
event(temp_e_1(a(2),b(2)),[datime(2011,8,15,21,10,40,2),datime(2011,8,15,21,10,40,6)])
event(d(2),[datime(2011,8,15,21,10,40,2),datime(2011,8,15,21,10,40,6)])
event(b(3),[datime(2011,8,15,21,10,42,1),datime(2011,8,15,21,10,42,1)])
event(b(4),[datime(2011,8,15,21,10,42,2),datime(2011,8,15,21,10,42,2)])
