event(a(1),[datime(2011,7,27,21,54,23,1),datime(2011,7,27,21,54,23,1)])
event(temp_e_1(a(1),1>0),[datime(2011,7,27,21,54,23,1),datime(2011,7,27,21,54,23,1)])
event(d(1),[datime(2011,7,27,21,54,23,1),datime(2011,7,27,21,54,23,1)])
event(a(0),[datime(2011,7,27,21,54,23,2),datime(2011,7,27,21,54,23,2)])
event(b(1),[datime(2011,7,27,21,54,23,3),datime(2011,7,27,21,54,23,3)])
event(temp_e_2(a(0),b(1)),[datime(2011,7,27,21,54,23,2),datime(2011,7,27,21,54,23,3)])
event(temp_e_3(temp_e_2(a(0),b(1)),1>0),[datime(2011,7,27,21,54,23,2),datime(2011,7,27,21,54,23,3)])
event(d(1),[datime(2011,7,27,21,54,23,2),datime(2011,7,27,21,54,23,3)])
event(temp_e_4(a(0),b(1)),[datime(2011,7,27,21,54,23,2),datime(2011,7,27,21,54,23,3)])
event(c(2),[datime(2011,7,27,21,54,23,4),datime(2011,7,27,21,54,23,4)])
event(temp_e_5(temp_e_4(a(0),b(1)),c(2)),[datime(2011,7,27,21,54,23,2),datime(2011,7,27,21,54,23,4)])
event(temp_e_6(temp_e_5(temp_e_4(a(0),b(1)),c(2)), (1>0,2>1)),[datime(2011,7,27,21,54,23,2),datime(2011,7,27,21,54,23,4)])
event(d(2),[datime(2011,7,27,21,54,23,2),datime(2011,7,27,21,54,23,4)])
event(a(1),[datime(2011,10,29,21,46,49,1),datime(2011,10,29,21,46,49,1)]).
event(b(1),[datime(2011,10,29,21,46,49,2),datime(2011,10,29,21,46,49,2)]).
event(temp_e_1(a(1),b(1)),[datime(2011,10,29,21,46,49,1),datime(2011,10,29,21,46,49,2)]).
event(b(2),[datime(2011,10,29,21,46,49,3),datime(2011,10,29,21,46,49,3)]).
event(a(1),[datime(2011,10,29,22,13,2,1),datime(2011,10,29,22,13,2,1)]).
event(b(1),[datime(2011,10,29,22,13,2,2),datime(2011,10,29,22,13,2,2)]).
event(temp_e_1(a(1),b(1)),[datime(2011,10,29,22,13,2,1),datime(2011,10,29,22,13,2,2)]).
event(b(2),[datime(2011,10,29,22,13,2,3),datime(2011,10,29,22,13,2,3)]).
event(a(1),[datime(2011,10,29,22,13,26,1),datime(2011,10,29,22,13,26,1)]).
event(b(1),[datime(2011,10,29,22,13,26,2),datime(2011,10,29,22,13,26,2)]).
event(temp_e_1(a(1),b(1)),[datime(2011,10,29,22,13,26,1),datime(2011,10,29,22,13,26,2)]).
event(b(2),[datime(2011,10,29,22,13,26,3),datime(2011,10,29,22,13,26,3)]).
event(a(1),[datime(2011,10,29,22,16,21,1),datime(2011,10,29,22,16,21,1)]).
event(b(1),[datime(2011,10,29,22,16,21,2),datime(2011,10,29,22,16,21,2)]).
event(temp_e_1(a(1),b(1)),[datime(2011,10,29,22,16,21,1),datime(2011,10,29,22,16,21,2)]).
event(b(2),[datime(2011,10,29,22,16,21,3),datime(2011,10,29,22,16,21,3)]).
event(a(1),[datime(2011,10,29,22,17,0,1),datime(2011,10,29,22,17,0,1)]).
event(b(1),[datime(2011,10,29,22,17,0,2),datime(2011,10,29,22,17,0,2)]).
event(temp_e_1(a(1),b(1)),[datime(2011,10,29,22,17,0,1),datime(2011,10,29,22,17,0,2)]).
event(b(2),[datime(2011,10,29,22,17,0,3),datime(2011,10,29,22,17,0,3)]).
event(a(1),[datime(2011,10,29,22,17,14,1),datime(2011,10,29,22,17,14,1)]).
event(b(1),[datime(2011,10,29,22,17,14,2),datime(2011,10,29,22,17,14,2)]).
event(b(2),[datime(2011,10,29,22,17,14,3),datime(2011,10,29,22,17,14,3)]).
event(a(1),[datime(2011,10,29,22,37,44,1),datime(2011,10,29,22,37,44,1)]).
event(b(1),[datime(2011,10,29,22,37,44,2),datime(2011,10,29,22,37,44,2)]).
event(b(2),[datime(2011,10,29,22,37,44,3),datime(2011,10,29,22,37,44,3)]).
event(a(1),[datime(2011,10,29,22,40,4,1),datime(2011,10,29,22,40,4,1)]).
event(b(1),[datime(2011,10,29,22,40,4,2),datime(2011,10,29,22,40,4,2)]).
event(b(2),[datime(2011,10,29,22,40,4,3),datime(2011,10,29,22,40,4,3)]).
event(d(1,2),[datime(2011,10,29,22,40,4,1),datime(2011,10,29,22,40,4,3)]).
event(a(1),[datime(2011,10,29,22,41,14,1),datime(2011,10,29,22,41,14,1)]).
event(b(1),[datime(2011,10,29,22,41,14,2),datime(2011,10,29,22,41,14,2)]).
event(b(2),[datime(2011,10,29,22,41,14,3),datime(2011,10,29,22,41,14,3)]).
event(d(1,2),[datime(2011,10,29,22,41,14,1),datime(2011,10,29,22,41,14,3)]).
event(a(1),[datime(2011,10,29,22,42,16,1),datime(2011,10,29,22,42,16,1)]).
event(b(1),[datime(2011,10,29,22,42,16,2),datime(2011,10,29,22,42,16,2)]).
event(b(2),[datime(2011,10,29,22,42,16,3),datime(2011,10,29,22,42,16,3)]).
event(d(1,2),[datime(2011,10,29,22,42,16,1),datime(2011,10,29,22,42,16,3)]).
