event(a(2),[datime(2013,3,23,16,24,32,1),datime(2013,3,23,16,24,32,1)]).
event(b(2),[datime(2013,3,23,16,24,32,2),datime(2013,3,23,16,24,32,2)]).
event(c(2),[datime(2013,3,23,16,24,32,3),datime(2013,3,23,16,24,32,3)]).
event(a(2),[datime(2013,3,23,16,31,23,1),datime(2013,3,23,16,31,23,1)]).
event(b(2),[datime(2013,3,23,16,31,23,2),datime(2013,3,23,16,31,23,2)]).
event(temp_e_1(a(2),b(2)),[datime(2013,3,23,16,31,23,1),datime(2013,3,23,16,31,23,2)]).
event(c(2),[datime(2013,3,23,16,31,23,3),datime(2013,3,23,16,31,23,3)]).
event(temp_e_2(temp_e_1(a(2),b(2)),c(2)),[datime(2013,3,23,16,31,23,1),datime(2013,3,23,16,31,23,3)]).
event(temp_e_3(temp_e_2(temp_e_1(a(2),b(2)),c(2)),2>1),[datime(2013,3,23,16,31,23,1),datime(2013,3,23,16,31,23,3)]).
event(d(2),[datime(2013,3,23,16,31,23,1),datime(2013,3,23,16,31,23,3)]).
event(a(2),[datime(2013,3,23,16,31,37,1),datime(2013,3,23,16,31,37,1)]).
event(b(2),[datime(2013,3,23,16,31,37,2),datime(2013,3,23,16,31,37,2)]).
event(temp_e_1(a(2),b(2)),[datime(2013,3,23,16,31,37,1),datime(2013,3,23,16,31,37,2)]).
event(c(2),[datime(2013,3,23,16,31,37,3),datime(2013,3,23,16,31,37,3)]).
event(temp_e_2(temp_e_1(a(2),b(2)),c(2)),[datime(2013,3,23,16,31,37,1),datime(2013,3,23,16,31,37,3)]).
event(temp_e_3(temp_e_2(temp_e_1(a(2),b(2)),c(2)),2>1),[datime(2013,3,23,16,31,37,1),datime(2013,3,23,16,31,37,3)]).
event(d(2),[datime(2013,3,23,16,31,37,1),datime(2013,3,23,16,31,37,3)]).
event(a(2),[datime(2013,4,13,13,32,47,1),datime(2013,4,13,13,32,47,1)]).
event(b(2),[datime(2013,4,13,13,32,47,2),datime(2013,4,13,13,32,47,2)]).
event(temp_e_1(a(2),b(2)),[datime(2013,4,13,13,32,47,1),datime(2013,4,13,13,32,47,2)]).
event(c(2),[datime(2013,4,13,13,32,47,3),datime(2013,4,13,13,32,47,3)]).
event(temp_e_2(temp_e_1(a(2),b(2)),c(2)),[datime(2013,4,13,13,32,47,1),datime(2013,4,13,13,32,47,3)]).
event(temp_e_3(temp_e_2(temp_e_1(a(2),b(2)),c(2)),2>1),[datime(2013,4,13,13,32,47,1),datime(2013,4,13,13,32,47,3)]).
event(d(2),[datime(2013,4,13,13,32,47,1),datime(2013,4,13,13,32,47,3)]).
